<?xml version="1.0" encoding="UTF-8"?>
<!-- Generated by org.testng.reporters.JUnitReportReporter -->
<testsuite hostname="DESKTOP-JF342SR" failures="0" tests="1" name="driverMethods.Swipeexactline" time="18.569" errors="0" timestamp="2022-10-31T12:54:21 IST" skipped="0">
  <testcase classname="driverMethods.Swipeexactline" name="swip" time="18.569"/>
  <system-out/>
</testsuite> <!-- driverMethods.Swipeexactline -->
