<?xml version="1.0" encoding="UTF-8"?>
<!-- Generated by org.testng.reporters.JUnitReportReporter -->
<testsuite hostname="DESKTOP-JF342SR" failures="0" tests="1" name="driverMethods.Hidekeyboard" time="27.453" errors="0" timestamp="2022-11-02T17:08:23 IST" skipped="0">
  <testcase classname="driverMethods.Hidekeyboard" name="drag" time="27.453"/>
  <system-out/>
</testsuite> <!-- driverMethods.Hidekeyboard -->
