<?xml version="1.0" encoding="UTF-8"?>
<!-- Generated by org.testng.reporters.JUnitReportReporter -->
<testsuite hostname="DESKTOP-JF342SR" failures="0" tests="1" name="switch_webapppmg" time="32.349" errors="0" timestamp="2022-11-03T13:30:32 IST" skipped="0">
  <testcase classname="switch_webapppmg" name="task" time="32.349"/>
  <system-out/>
</testsuite> <!-- switch_webapppmg -->
