<?xml version="1.0" encoding="UTF-8"?>
<!-- Generated by org.testng.reporters.JUnitReportReporter -->
<testsuite hostname="DESKTOP-JF342SR" failures="0" tests="1" name="Assignment.LaunchGeneralstore" time="44.932" errors="0" timestamp="2022-10-31T17:24:12 IST" skipped="0">
  <testcase classname="Assignment.LaunchGeneralstore" name="gen" time="44.932"/>
  <system-out/>
</testsuite> <!-- Assignment.LaunchGeneralstore -->
