<?xml version="1.0" encoding="UTF-8"?>
<!-- Generated by org.testng.reporters.JUnitReportReporter -->
<testsuite hostname="DESKTOP-JF342SR" failures="0" tests="1" name="driverMethods.toastmessage" time="25.398" errors="0" timestamp="2022-11-10T19:25:05 IST" skipped="0">
  <testcase classname="driverMethods.toastmessage" name="gen" time="25.398"/>
  <system-out/>
</testsuite> <!-- driverMethods.toastmessage -->
