<?xml version="1.0" encoding="UTF-8"?>
<!-- Generated by org.testng.reporters.JUnitReportReporter -->
<testsuite hostname="DESKTOP-JF342SR" failures="0" tests="1" name="Assignment.bigbasket" time="31.719" errors="0" timestamp="2022-11-05T19:31:22 IST" skipped="0">
  <testcase classname="Assignment.bigbasket" name="task" time="31.719"/>
  <system-out/>
</testsuite> <!-- Assignment.bigbasket -->
