<?xml version="1.0" encoding="UTF-8"?>
<!-- Generated by org.testng.reporters.JUnitReportReporter -->
<testsuite hostname="DESKTOP-JF342SR" failures="0" tests="1" name="driverMethods.Swipe" time="25.806" errors="0" timestamp="2022-10-31T12:30:30 IST" skipped="0">
  <testcase classname="driverMethods.Swipe" name="swip" time="25.806"/>
  <system-out/>
</testsuite> <!-- driverMethods.Swipe -->
