<?xml version="1.0" encoding="UTF-8"?>
<!-- Generated by org.testng.reporters.JUnitReportReporter -->
<testsuite hostname="DESKTOP-JF342SR" failures="0" tests="2" name="driverMethods.ParallelEcecution" time="40.422" errors="0" timestamp="2022-11-03T15:51:15 IST" skipped="0">
  <testcase classname="driverMethods.ParallelEcecution" name="parallel" time="22.611"/>
  <system-out/>
  <testcase classname="driverMethods.ParallelEcecution" name="parallel" time="17.811"/>
  <system-out/>
</testsuite> <!-- driverMethods.ParallelEcecution -->
