<?xml version="1.0" encoding="UTF-8"?>
<!-- Generated by org.testng.reporters.JUnitReportReporter -->
<testsuite hostname="DESKTOP-JF342SR" failures="0" tests="1" name="driverMethods.SwitcTHEapp" time="18.940" errors="0" timestamp="2022-11-02T13:28:13 IST" skipped="0">
  <testcase classname="driverMethods.SwitcTHEapp" name="switch1" time="18.940"/>
  <system-out/>
</testsuite> <!-- driverMethods.SwitcTHEapp -->
