<?xml version="1.0" encoding="UTF-8"?>
<!-- Generated by org.testng.reporters.JUnitReportReporter -->
<testsuite hostname="DESKTOP-JF342SR" failures="0" tests="1" name="driverMethods.uninstall_app" time="17.296" errors="0" timestamp="2022-10-27T15:36:50 IST" skipped="0">
  <testcase classname="driverMethods.uninstall_app" name="uninstall" time="17.296"/>
  <system-out/>
</testsuite> <!-- driverMethods.uninstall_app -->
