<?xml version="1.0" encoding="UTF-8"?>
<!-- Generated by org.testng.reporters.JUnitReportReporter -->
<testsuite hostname="DESKTOP-JF342SR" failures="0" tests="1" name="Assignment.ApidemosTASK" time="36.926" errors="0" timestamp="2022-11-05T19:19:55 IST" skipped="0">
  <testcase classname="Assignment.ApidemosTASK" name="task" time="36.926"/>
  <system-out/>
</testsuite> <!-- Assignment.ApidemosTASK -->
