<?xml version="1.0" encoding="UTF-8"?>
<!-- Generated by org.testng.reporters.JUnitReportReporter -->
<testsuite hostname="DESKTOP-JF342SR" failures="0" tests="1" name="driverMethods.RotateScreen" time="19.929" errors="0" timestamp="2022-10-31T16:01:13 IST" skipped="0">
  <testcase classname="driverMethods.RotateScreen" name="rotage" time="19.929"/>
  <system-out/>
</testsuite> <!-- driverMethods.RotateScreen -->
