<?xml version="1.0" encoding="UTF-8"?>
<!-- Generated by org.testng.reporters.JUnitReportReporter -->
<testsuite hostname="DESKTOP-JF342SR" failures="0" tests="1" name="driverMethods.Network" time="17.780" errors="0" timestamp="2022-11-02T11:45:08 IST" skipped="0">
  <testcase classname="driverMethods.Network" name="net" time="17.780"/>
  <system-out/>
</testsuite> <!-- driverMethods.Network -->
